added manifest
adding: .gitignore(in = 22) (out= 24)(deflated -9%)
adding: a13server.jar(in = 5294601) (out= 5284645)(deflated 0%)
adding: game/(in = 0) (out= 0)(stored 0%)
adding: game/ClientController.class(in = 1312) (out= 759)(deflated 42%)
adding: game/GameClient.class(in = 3255) (out= 1745)(deflated 46%)
adding: game/GameController.class(in = 1880) (out= 1117)(deflated 40%)
adding: game/GameModel.class(in = 2586) (out= 1312)(deflated 49%)
adding: game/GameView.class(in = 17251) (out= 9100)(deflated 47%)
adding: game/Picross.class(in = 449) (out= 298)(deflated 33%)
adding: game/resources/(in = 0) (out= 0)(stored 0%)
adding: game/resources/texts_en_CA.properties(in = 373) (out= 247)(deflated 33%)
adding: game/resources/texts_pe_IR.properties(in = 415) (out= 299)(deflated 27%)
adding: game/resources/texts_si_SR.properties(in = 577) (out= 355)(deflated 38%)
adding: game/ViewClient.class(in = 4485) (out= 2464)(deflated 45%)
adding: images/(in = 0) (out= 0)(stored 0%)
adding: images/gameclient.png(in = 89408) (out= 89438)(deflated 0%)
adding: images/gameend.png(in = 324576) (out= 324644)(deflated 0%)
adding: images/gameserver.png(in = 89609) (out= 89639)(deflated 0%)
adding: images/gamewinner.png(in = 321967) (out= 322012)(deflated 0%)
adding: images/logo.png(in = 4304) (out= 4309)(deflated 0%)
adding: images/new.png(in = 1241) (out= 1246)(deflated 0%)
adding: images/piciconabt.gif(in = 1413) (out= 1418)(deflated 0%)
adding: images/piciconcol.gif(in = 1095) (out= 1100)(deflated 0%)
adding: images/piciconeng.gif(in = 3581) (out= 3582)(deflated 0%)
adding: images/piciconext.gif(in = 1171) (out= 1176)(deflated 0%)
adding: images/piciconfra.gif(in = 2487) (out= 2492)(deflated 0%)
adding: images/piciconnew.gif(in = 1453) (out= 1458)(deflated 0%)
adding: images/piciconpor.gif(in = 2668) (out= 2673)(deflated 0%)
adding: images/piciconsol.gif(in = 1393) (out= 1398)(deflated 0%)
adding: images/picross.png(in = 293528) (out= 293618)(deflated 0%)
adding: images/PICROSS1.png(in = 77140) (out= 77144)(deflated 0%)
adding: images/PICROSS2.png(in = 90202) (out= 90232)(deflated 0%)
adding: images1/(in = 0) (out= 0)(stored 0%)
adding: images1/gameclient.png(in = 89408) (out= 89438)(deflated 0%)
adding: images1/gameend.png(in = 324576) (out= 324644)(deflated 0%)
adding: images1/gameserver.png(in = 89609) (out= 89639)(deflated 0%)
adding: images1/gamewinner.png(in = 321967) (out= 322012)(deflated 0%)
adding: images1/logo.png(in = 4304) (out= 4309)(deflated 0%)
adding: images1/new.png(in = 1241) (out= 1246)(deflated 0%)
adding: images1/piciconabt.gif(in = 1413) (out= 1418)(deflated 0%)
adding: images1/piciconcol.gif(in = 1095) (out= 1100)(deflated 0%)
adding: images1/picicondes.gif(in = 1125) (out= 864)(deflated 23%)
adding: images1/piciconeng.gif(in = 3581) (out= 3582)(deflated 0%)
adding: images1/piciconext.gif(in = 1171) (out= 1176)(deflated 0%)
adding: images1/piciconfra.gif(in = 2487) (out= 2492)(deflated 0%)
adding: images1/piciconlang.gif(in = 1351) (out= 963)(deflated 28%)
adding: images1/piciconload.gif(in = 1453) (out= 1458)(deflated 0%)
adding: images1/piciconnew.gif(in = 1356) (out= 957)(deflated 29%)
adding: images1/piciconpor.gif(in = 2668) (out= 2673)(deflated 0%)
adding: images1/piciconsol.gif(in = 1393) (out= 1398)(deflated 0%)
adding: images1/picross.png(in = 293528) (out= 293618)(deflated 0%)
adding: images1/PICROSS1.png(in = 77140) (out= 77144)(deflated 0%)
adding: images1/PICROSS2.png(in = 90202) (out= 90232)(deflated 0%)
adding: images1/save.png(in = 547) (out= 548)(deflated 0%)
adding: other/(in = 0) (out= 0)(stored 0%)
adding: other/GameServer.class(in = 1897) (out= 1002)(deflated 47%)
adding: resources/(in = 0) (out= 0)(stored 0%)
adding: resources/texts_en_CA.properties(in = 373) (out= 247)(deflated 33%)
adding: resources/texts_pe_IR.properties(in = 415) (out= 299)(deflated 27%)
adding: resources/texts_si_SR.properties(in = 577) (out= 355)(deflated 38%)
adding: server/(in = 0) (out= 0)(stored 0%)
adding: server/ServerController.class(in = 1194) (out= 696)(deflated 41%)
adding: server/ThreadServer$Worked.class(in = 3055) (out= 1616)(deflated 47%)
adding: server/ThreadServer.class(in = 2468) (out= 1297)(deflated 47%)
adding: server/ViewServer.class(in = 4975) (out= 2616)(deflated 47%)
